<?xml version="1.0" encoding="UTF-8"?>
<!-- Generated by org.testng.reporters.JUnitReportReporter -->
<testsuite hostname="SnehaPriya" failures="0" tests="1" name="helper.check" time="0.816" errors="0" timestamp="2024-10-28T12:53:31 IST" skipped="0">
  <testcase classname="helper.check" name="test1" time="0.816"/>
</testsuite> <!-- helper.check -->
