<?xml version="1.0" encoding="UTF-8"?>
<!-- Generated by org.testng.reporters.JUnitReportReporter -->
<testsuite hostname="SnehaPriya" failures="0" tests="4" name="UseDataProvider.DataProviderExample" time="0.011" errors="0" timestamp="2024-10-28T13:06:27 IST" skipped="1">
  <testcase classname="UseDataProvider.DataProviderExample" name="categoryNames" time="0.009"/>
  <testcase classname="UseDataProvider.DataProviderExample" name="categoryNames" time="0.001"/>
  <testcase classname="UseDataProvider.DataProviderExample" name="categoryNames" time="0.001"/>
  <testcase classname="UseDataProvider.DataProviderExample" name="testfromExcel">
    <skipped/>
  </testcase> <!-- testfromExcel -->
</testsuite> <!-- UseDataProvider.DataProviderExample -->
