<?xml version="1.0" encoding="UTF-8"?>
<!-- Generated by org.testng.reporters.JUnitReportReporter -->
<testsuite hostname="SnehaPriya" failures="0" tests="2" name="getting_started.FirstTestWithTestNG_Assignment" time="0.012" errors="0" timestamp="2024-10-23T23:14:28 IST" skipped="0">
  <testcase classname="getting_started.FirstTestWithTestNG_Assignment" name="WebDriver" time="0.004"/>
  <testcase classname="getting_started.FirstTestWithTestNG_Assignment" name="Selenium" time="0.008"/>
</testsuite> <!-- getting_started.FirstTestWithTestNG_Assignment -->
