<?xml version="1.0" encoding="UTF-8"?>
<!-- Generated by org.testng.reporters.JUnitReportReporter -->
<testsuite hostname="SnehaPriya" failures="0" tests="3" name="getting_started.FirstTestNg" time="0.015" errors="0" timestamp="2024-10-23T20:44:12 IST" skipped="0">
  <testcase classname="getting_started.FirstTestNg" name="test3" time="0.002"/>
  <testcase classname="getting_started.FirstTestNg" name="test2" time="0.003"/>
  <testcase classname="getting_started.FirstTestNg" name="test1" time="0.010"/>
</testsuite> <!-- getting_started.FirstTestNg -->
