<?xml version="1.0" encoding="UTF-8"?>
<!-- Generated by org.testng.reporters.JUnitReportReporter -->
<testsuite hostname="SnehaPriya" failures="0" tests="2" name="Groups.GroupTestDemo" time="0.012" errors="0" timestamp="2024-10-24T18:35:27 IST" skipped="0">
  <testcase classname="Groups.GroupTestDemo" name="Withdraw" time="0.002"/>
  <testcase classname="Groups.GroupTestDemo" name="Deposit" time="0.010"/>
</testsuite> <!-- Groups.GroupTestDemo -->
