<?xml version="1.0" encoding="UTF-8"?>
<!-- Generated by org.testng.reporters.JUnitReportReporter -->
<testsuite hostname="SnehaPriya" failures="0" tests="4" name="BreakOutAssignment.verifySignup" time="30.914" errors="0" timestamp="2024-11-15T20:08:26 IST" skipped="1">
  <testcase classname="BreakOutAssignment.verifySignup" name="Excelsignup" time="7.870"/>
  <testcase classname="BreakOutAssignment.verifySignup" name="Excelsignup" time="14.103"/>
  <testcase classname="BreakOutAssignment.verifySignup" name="Excelsignup" time="8.941"/>
  <testcase classname="BreakOutAssignment.verifySignup" name="signup">
    <skipped/>
  </testcase> <!-- signup -->
</testsuite> <!-- BreakOutAssignment.verifySignup -->
